c:\users\lucas\onedrive\desktop\ac9\ac9\ac9\x64\release\vc143.pdb
c:\users\lucas\onedrive\desktop\ac9\ac9\ac9\x64\release\main.obj
c:\users\lucas\onedrive\desktop\ac9\ac9\ac9\x64\release\imgui_widgets.obj
c:\users\lucas\onedrive\desktop\ac9\ac9\ac9\x64\release\imgui_tables.obj
c:\users\lucas\onedrive\desktop\ac9\ac9\ac9\x64\release\imgui_draw.obj
c:\users\lucas\onedrive\desktop\ac9\ac9\ac9\x64\release\imgui_demo.obj
c:\users\lucas\onedrive\desktop\ac9\ac9\ac9\x64\release\imgui.obj
c:\users\lucas\onedrive\desktop\ac9\ac9\ac9\x64\release\imgui_impl_win32.obj
c:\users\lucas\onedrive\desktop\ac9\ac9\ac9\x64\release\imgui_impl_dx11.obj
c:\users\lucas\onedrive\desktop\ac9\ac9\ac9\x64\release\imgui_impl_dx9.obj
c:\users\lucas\onedrive\desktop\ac9\ac9\x64\release\ac9.exe
c:\users\lucas\onedrive\desktop\ac9\ac9\x64\release\ac9.pdb
c:\users\lucas\onedrive\desktop\ac9\ac9\ac9\x64\release\ac9.ipdb
c:\users\lucas\onedrive\desktop\ac9\ac9\ac9\x64\release\ac9.iobj
c:\users\lucas\onedrive\desktop\ac9\ac9\ac9\x64\release\ac9.tlog\cl.command.1.tlog
c:\users\lucas\onedrive\desktop\ac9\ac9\ac9\x64\release\ac9.tlog\cl.items.tlog
c:\users\lucas\onedrive\desktop\ac9\ac9\ac9\x64\release\ac9.tlog\cl.read.1.tlog
c:\users\lucas\onedrive\desktop\ac9\ac9\ac9\x64\release\ac9.tlog\cl.write.1.tlog
c:\users\lucas\onedrive\desktop\ac9\ac9\ac9\x64\release\ac9.tlog\link.command.1.tlog
c:\users\lucas\onedrive\desktop\ac9\ac9\ac9\x64\release\ac9.tlog\link.read.1.tlog
c:\users\lucas\onedrive\desktop\ac9\ac9\ac9\x64\release\ac9.tlog\link.secondary.1.tlog
c:\users\lucas\onedrive\desktop\ac9\ac9\ac9\x64\release\ac9.tlog\link.write.1.tlog
